<?xml version="1.0" encoding="UTF-8"?>
<!-- Generated by org.testng.reporters.JUnitReportReporter -->
<testsuite hostname="DESKTOP-TBDKMS8" name="qaclickacademy.RESTAPITest" tests="2" failures="0" timestamp="11 Apr 2019 17:09:45 GMT" time="0.002" errors="0">
  <testcase name="PostJIRA" time="0.001" classname="qaclickacademy.RESTAPITest"/>
  <testcase name="DeleteTwitter" time="0.001" classname="qaclickacademy.RESTAPITest"/>
</testsuite> <!-- qaclickacademy.RESTAPITest -->
