<?xml version="1.0" encoding="UTF-8"?>
<!-- Generated by org.testng.reporters.JUnitReportReporter -->
<testsuite hostname="DESKTOP-TBDKMS8" name="qaclickacademy.SeleniumTest" tests="2" failures="0" timestamp="11 Apr 2019 17:09:45 GMT" time="0.015" errors="0">
  <testcase name="ElementsUI" time="0.000" classname="qaclickacademy.SeleniumTest"/>
  <testcase name="BrowserAutomation" time="0.015" classname="qaclickacademy.SeleniumTest"/>
</testsuite> <!-- qaclickacademy.SeleniumTest -->
